<?xml version="1.0" encoding="UTF-8"?>
<!-- Generated by org.testng.reporters.JUnitXMLReporter -->
<testsuite ignored="7" hostname="PavitraManohar" failures="0" tests="1" name="Default test" time="0.071" errors="0" timestamp="2024-08-04T11:36:33 IST">
  <testcase classname="DemoProject.practice.Programming" name="reverseanArray" time="0.021"/>
  <testcase classname="DemoProject.practice.Programming" name="ArmStrong" time="0.0">
    <ignored/>
  </testcase> <!-- ArmStrong -->
  <testcase classname="DemoProject.practice.Programming" name="fibanacciSeries" time="0.0">
    <ignored/>
  </testcase> <!-- fibanacciSeries -->
  <testcase classname="DemoProject.practice.Programming" name="checkPrime" time="0.0">
    <ignored/>
  </testcase> <!-- checkPrime -->
  <testcase classname="DemoProject.practice.Programming" name="swapTwoNumbers" time="0.0">
    <ignored/>
  </testcase> <!-- swapTwoNumbers -->
  <testcase classname="DemoProject.practice.Programming" name="countNoofCharsInString" time="0.0">
    <ignored/>
  </testcase> <!-- countNoofCharsInString -->
  <testcase classname="DemoProject.practice.Programming" name="sumOfdigitsOfInteger" time="0.0">
    <ignored/>
  </testcase> <!-- sumOfdigitsOfInteger -->
  <testcase classname="DemoProject.practice.Programming" name="swaptwostrings" time="0.0">
    <ignored/>
  </testcase> <!-- swaptwostrings -->
</testsuite> <!-- Default test -->
