<?xml version="1.0" encoding="UTF-8"?>
<testng-results ignored="0" total="1" passed="1" failed="0" skipped="0">
  <reporter-output>
  </reporter-output>
  <suite started-at="2024-08-02T23:17:18 IST" name="Default suite" finished-at="2024-08-02T23:17:20 IST" duration-ms="1984">
    <groups>
    </groups>
    <test started-at="2024-08-02T23:17:18 IST" name="Default test" finished-at="2024-08-02T23:17:20 IST" duration-ms="1984">
      <class name="DemoProject.practice.Oauth20">
        <test-method signature="getOauth()[pri:0, instance:DemoProject.practice.Oauth20@59505b48]" started-at="2024-08-02T23:17:18 IST" name="getOauth" finished-at="2024-08-02T23:17:20 IST" duration-ms="1939" status="PASS">
          <reporter-output>
          </reporter-output>
        </test-method> <!-- getOauth -->
      </class> <!-- DemoProject.practice.Oauth20 -->
    </test> <!-- Default test -->
  </suite> <!-- Default suite -->
</testng-results>
